2025-10-20T18:29:00.032-05:00  INFO 27636 --- [integradorspringboot] [main] c.u.i.IntegradorspringbootApplication    : Starting IntegradorspringbootApplication using Java 24.0.2 with PID 27636 (C:\Users\ASUS\Documents\NetBeansProjects\integradorspringboot\target\classes started by ASUS in C:\Users\ASUS\Documents\NetBeansProjects\integradorspringboot)
2025-10-20T18:29:00.040-05:00  INFO 27636 --- [integradorspringboot] [main] c.u.i.IntegradorspringbootApplication    : No active profile set, falling back to 1 default profile: "default"
2025-10-20T18:29:00.621-05:00  INFO 27636 --- [integradorspringboot] [main] .s.d.r.c.RepositoryConfigurationDelegate : Bootstrapping Spring Data JPA repositories in DEFAULT mode.
2025-10-20T18:29:00.678-05:00  INFO 27636 --- [integradorspringboot] [main] .s.d.r.c.RepositoryConfigurationDelegate : Finished Spring Data repository scanning in 47 ms. Found 4 JPA repository interfaces.
2025-10-20T18:29:01.092-05:00  INFO 27636 --- [integradorspringboot] [main] o.s.b.w.embedded.tomcat.TomcatWebServer  : Tomcat initialized with port 8081 (http)
2025-10-20T18:29:01.112-05:00  INFO 27636 --- [integradorspringboot] [main] o.apache.catalina.core.StandardService   : Starting service [Tomcat]
2025-10-20T18:29:01.112-05:00  INFO 27636 --- [integradorspringboot] [main] o.apache.catalina.core.StandardEngine    : Starting Servlet engine: [Apache Tomcat/10.1.33]
2025-10-20T18:29:01.164-05:00  INFO 27636 --- [integradorspringboot] [main] o.a.c.c.C.[Tomcat].[localhost].[/]       : Initializing Spring embedded WebApplicationContext
2025-10-20T18:29:01.164-05:00  INFO 27636 --- [integradorspringboot] [main] w.s.c.ServletWebServerApplicationContext : Root WebApplicationContext: initialization completed in 952 ms
2025-10-20T18:29:01.222-05:00  INFO 27636 --- [integradorspringboot] [main] com.zaxxer.hikari.HikariDataSource       : HikariPool-1 - Starting...
2025-10-20T18:29:02.528-05:00  INFO 27636 --- [integradorspringboot] [main] com.zaxxer.hikari.pool.HikariPool        : HikariPool-1 - Added connection com.mysql.cj.jdbc.ConnectionImpl@595f9916
2025-10-20T18:29:02.529-05:00  INFO 27636 --- [integradorspringboot] [main] com.zaxxer.hikari.HikariDataSource       : HikariPool-1 - Start completed.
2025-10-20T18:29:02.590-05:00  INFO 27636 --- [integradorspringboot] [main] o.hibernate.jpa.internal.util.LogHelper  : HHH000204: Processing PersistenceUnitInfo [name: default]
2025-10-20T18:29:02.634-05:00  INFO 27636 --- [integradorspringboot] [main] org.hibernate.Version                    : HHH000412: Hibernate ORM core version 6.6.2.Final
2025-10-20T18:29:02.661-05:00  INFO 27636 --- [integradorspringboot] [main] o.h.c.internal.RegionFactoryInitiator    : HHH000026: Second-level cache disabled
2025-10-20T18:29:02.873-05:00  INFO 27636 --- [integradorspringboot] [main] o.s.o.j.p.SpringPersistenceUnitInfo      : No LoadTimeWeaver setup: ignoring JPA class transformer
2025-10-20T18:29:03.128-05:00  INFO 27636 --- [integradorspringboot] [main] org.hibernate.orm.connections.pooling    : HHH10001005: Database info:
	Database JDBC URL [Connecting through datasource 'HikariDataSource (HikariPool-1)']
	Database driver: undefined/unknown
	Database version: 9.4
	Autocommit mode: undefined/unknown
	Isolation level: undefined/unknown
	Minimum pool size: undefined/unknown
	Maximum pool size: undefined/unknown
2025-10-20T18:29:03.686-05:00  INFO 27636 --- [integradorspringboot] [main] o.h.e.t.j.p.i.JtaPlatformInitiator       : HHH000489: No JTA platform available (set 'hibernate.transaction.jta.platform' to enable JTA platform integration)
2025-10-20T18:29:03.688-05:00  INFO 27636 --- [integradorspringboot] [main] j.LocalContainerEntityManagerFactoryBean : Initialized JPA EntityManagerFactory for persistence unit 'default'
2025-10-20T18:29:03.693-05:00  INFO 27636 --- [integradorspringboot] [main] f.a.AutowiredAnnotationBeanPostProcessor : Autowired annotation should only be used on methods with parameters: public java.lang.String com.utp.integradorspringboot.AlumnosController.page()
2025-10-20T18:29:03.944-05:00  INFO 27636 --- [integradorspringboot] [main] f.a.AutowiredAnnotationBeanPostProcessor : Autowired annotation should only be used on methods with parameters: public java.lang.String com.utp.integradorspringboot.HomeController.page()
2025-10-20T18:29:03.945-05:00  INFO 27636 --- [integradorspringboot] [main] f.a.AutowiredAnnotationBeanPostProcessor : Autowired annotation should only be used on methods with parameters: public java.lang.String com.utp.integradorspringboot.LibrosController.page()
2025-10-20T18:29:03.945-05:00  INFO 27636 --- [integradorspringboot] [main] f.a.AutowiredAnnotationBeanPostProcessor : Autowired annotation should only be used on methods with parameters: public java.lang.String com.utp.integradorspringboot.PersonasController.page()
2025-10-20T18:29:03.946-05:00  INFO 27636 --- [integradorspringboot] [main] f.a.AutowiredAnnotationBeanPostProcessor : Autowired annotation should only be used on methods with parameters: public java.lang.String com.utp.integradorspringboot.ProfesoresController.page()
2025-10-20T18:29:03.968-05:00  WARN 27636 --- [integradorspringboot] [main] JpaBaseConfiguration$JpaWebConfiguration : spring.jpa.open-in-view is enabled by default. Therefore, database queries may be performed during view rendering. Explicitly configure spring.jpa.open-in-view to disable this warning
2025-10-20T18:29:03.984-05:00  INFO 27636 --- [integradorspringboot] [main] o.s.b.a.w.s.WelcomePageHandlerMapping    : Adding welcome page: class path resource [static/index.html]
2025-10-20T18:29:04.299-05:00  INFO 27636 --- [integradorspringboot] [main] o.s.b.w.embedded.tomcat.TomcatWebServer  : Tomcat started on port 8081 (http) with context path '/'
2025-10-20T18:29:04.306-05:00  INFO 27636 --- [integradorspringboot] [main] c.u.i.IntegradorspringbootApplication    : Started IntegradorspringbootApplication in 4.598 seconds (process running for 4.855)
2025-10-20T18:29:11.668-05:00  INFO 27636 --- [integradorspringboot] [http-nio-8081-exec-1] o.a.c.c.C.[Tomcat].[localhost].[/]       : Initializing Spring DispatcherServlet 'dispatcherServlet'
2025-10-20T18:29:11.668-05:00  INFO 27636 --- [integradorspringboot] [http-nio-8081-exec-1] o.s.web.servlet.DispatcherServlet        : Initializing Servlet 'dispatcherServlet'
2025-10-20T18:29:11.670-05:00  INFO 27636 --- [integradorspringboot] [http-nio-8081-exec-1] o.s.web.servlet.DispatcherServlet        : Completed initialization in 2 ms
